#
# A fatal error has been detected by the Java Runtime Environment:
#
#  EXCEPTION_ACCESS_VIOLATION (0xc0000005) at pc=0x0000000004b8dcf6, pid=2996, tid=0x000000000000191c
#
# JRE version: Java(TM) SE Runtime Environment (8.0_111-b14) (build 1.8.0_111-b14)
# Java VM: Java HotSpot(TM) 64-Bit Server VM (25.111-b14 mixed mode windows-amd64 compressed oops)
# Problematic frame:
# J 9584 C2 java.lang.ClassLoader.getPackage(Ljava/lang/String;)Ljava/lang/Package; (118 bytes) @ 0x0000000004b8dcf6 [0x0000000004b8dae0+0x216]
#
# Failed to write core dump. Minidumps are not enabled by default on client versions of Windows
#
# If you would like to submit a bug report, please visit:
#   http://bugreport.java.com/bugreport/crash.jsp
#

---------------  T H R E A D  ---------------

Current thread (0x000000001ec73000):  JavaThread "scala-execution-context-global-59" daemon [_thread_in_Java, id=6428, stack(0x0000000023d30000,0x0000000023e30000)]

siginfo: ExceptionCode=0xc0000005, reading address 0x000000000000004c

Registers:
RAX=0x0000000000000031, RBX=0x00000000d0fd80f0, RCX=0x0000000000000020, RDX=0x0000000000000000
RSP=0x0000000023e2b030, RBP=0x0000000000000016, RSI=0x00000001000016d0, RDI=0x00000000d01f4e80
R8 =0x0000000000000040, R9 =0x0000000000000001, R10=0x0000000009cc7876, R11=0x00000000f02d8ae0
R12=0x0000000000000000, R13=0x00000000d01f4e80, R14=0x00000000f02d8ac0, R15=0x000000001ec73000
RIP=0x0000000004b8dcf6, EFLAGS=0x0000000000010202

Top of Stack: (sp=0x0000000023e2b030)
0x0000000023e2b030:   000000001ec73000 00007ff985f2ad30
0x0000000023e2b040:   00008137c9e662d0 00007ff985f2ad30
0x0000000023e2b050:   00000000f02d8ae0 00000000752e8410
0x0000000023e2b060:   00001e4c194dbc97 0000000000000000
0x0000000023e2b070:   00000000d00283f0 0000000000000000
0x0000000023e2b080:   00000000d0137368 00000000d01f4e80
0x0000000023e2b090:   0000000023e2b110 00000000048dc418
0x0000000023e2b0a0:   000000001cd80090 00000000f02d4b88
0x0000000023e2b0b0:   000000000443b7a8 0000000074fd1dc6
0x0000000023e2b0c0:   0000000000000031 0000000074fec821
0x0000000023e2b0d0:   0000000000000076 0000000004b8de84
0x0000000023e2b0e0:   0000000000000033 00000000771c38a8
0x0000000023e2b0f0:   00000000f02d8988 00000000062febc2
0x0000000023e2b100:   00000000f02d8ae0 0000000000000001
0x0000000023e2b110:   0000000000000007 0000000000000000
0x0000000023e2b120:   000000600000005f 00000000000000be 

Instructions: (pc=0x0000000004b8dcf6)
0x0000000004b8dcd6:   10 00 00 8b e9 ff cd 41 23 ea 3b e9 0f 83 33 10
0x0000000004b8dce6:   00 00 44 8b 44 ab 10 45 85 c0 0f 84 27 01 00 00
0x0000000004b8dcf6:   41 8b 58 0c 41 3b da 0f 85 a2 01 00 00 41 8b 68
0x0000000004b8dd06:   10 48 8b dd 49 3b db 0f 84 e5 00 00 00 41 8b 43 


Register to memory mapping:

RAX=0x0000000000000031 is an unknown value
RBX=0x00000000d0fd80f0 is an oop
[Ljava.util.HashMap$Node; 
 - klass: 'java/util/HashMap$Node'[]
 - length: 32
RCX=0x0000000000000020 is an unknown value
RDX=0x0000000000000000 is an unknown value
RSP=0x0000000023e2b030 is pointing into the stack for thread: 0x000000001ec73000
RBP=0x0000000000000016 is an unknown value
RSI=0x00000001000016d0 is pointing into metadata
RDI=0x00000000d01f4e80 is an oop
java.util.HashMap 
 - klass: 'java/util/HashMap'
R8 =0x0000000000000040 is an unknown value
R9 =0x0000000000000001 is an unknown value
R10=0x0000000009cc7876 is an unknown value
R11=0x00000000f02d8ae0 is an oop
java.lang.String 
 - klass: 'java/lang/String'
R12=0x0000000000000000 is an unknown value
R13=0x00000000d01f4e80 is an oop
java.util.HashMap 
 - klass: 'java/util/HashMap'
R14=0x00000000f02d8ac0 is an oop
sun.misc.URLClassPath$JarLoader$2 
 - klass: 'sun/misc/URLClassPath$JarLoader$2'
R15=0x000000001ec73000 is a thread


Stack: [0x0000000023d30000,0x0000000023e30000],  sp=0x0000000023e2b030,  free space=1004k
Native frames: (J=compiled Java code, j=interpreted, Vv=VM code, C=native code)
C  0x0000000004b8dcf6


---------------  P R O C E S S  ---------------

Java Threads: ( => current thread )
  0x000000001ec7b800 JavaThread "scala-execution-context-global-92" daemon [_thread_blocked, id=10488, stack(0x0000000026030000,0x0000000026130000)]
  0x000000001ec72800 JavaThread "scala-execution-context-global-91" daemon [_thread_blocked, id=15516, stack(0x0000000025f30000,0x0000000026030000)]
  0x000000001ec75800 JavaThread "scala-execution-context-global-90" daemon [_thread_blocked, id=15396, stack(0x0000000025e30000,0x0000000025f30000)]
  0x000000001ec78800 JavaThread "pool-7-thread-6" [_thread_blocked, id=1852, stack(0x0000000025d30000,0x0000000025e30000)]
  0x000000001ec71000 JavaThread "pool-7-thread-5" [_thread_blocked, id=19756, stack(0x0000000025c30000,0x0000000025d30000)]
  0x000000001ec77000 JavaThread "pool-7-thread-4" [_thread_blocked, id=19364, stack(0x0000000025b30000,0x0000000025c30000)]
  0x000000001ec77800 JavaThread "pool-7-thread-3" [_thread_blocked, id=9296, stack(0x0000000025a30000,0x0000000025b30000)]
  0x000000001ec70000 JavaThread "pool-7-thread-2" [_thread_blocked, id=19068, stack(0x0000000025930000,0x0000000025a30000)]
  0x000000001ec74800 JavaThread "pool-7-thread-1" [_thread_blocked, id=17992, stack(0x0000000025830000,0x0000000025930000)]
  0x000000001ec6f800 JavaThread "sbt-socket-server" [_thread_in_native, id=20252, stack(0x0000000024e30000,0x0000000024f30000)]
  0x000000001ec7a000 JavaThread "scala-execution-context-global-62" daemon [_thread_blocked, id=17320, stack(0x0000000024030000,0x0000000024130000)]
=>0x000000001ec73000 JavaThread "scala-execution-context-global-59" daemon [_thread_in_Java, id=6428, stack(0x0000000023d30000,0x0000000023e30000)]
  0x00000000212e8000 JavaThread "scala-execution-context-global-47" daemon [_thread_blocked, id=16248, stack(0x0000000023130000,0x0000000023230000)]
  0x000000001bd0c800 JavaThread "Log4j2-TF-1-AsyncLogger[AsyncContext@6dd7b5a3]-1" daemon [_thread_blocked, id=17516, stack(0x000000001e1c0000,0x000000001e2c0000)]
  0x0000000017e70800 JavaThread "Service Thread" daemon [_thread_blocked, id=18452, stack(0x0000000018230000,0x0000000018330000)]
  0x00000000164fe000 JavaThread "C1 CompilerThread2" daemon [_thread_blocked, id=15768, stack(0x0000000017d30000,0x0000000017e30000)]
  0x00000000164f6000 JavaThread "C2 CompilerThread1" daemon [_thread_in_native, id=14764, stack(0x0000000017c30000,0x0000000017d30000)]
  0x00000000164f0800 JavaThread "C2 CompilerThread0" daemon [_thread_in_native, id=864, stack(0x0000000017b30000,0x0000000017c30000)]
  0x00000000164ee800 JavaThread "Attach Listener" daemon [_thread_blocked, id=5416, stack(0x0000000017a30000,0x0000000017b30000)]
  0x00000000164eb800 JavaThread "Signal Dispatcher" daemon [_thread_blocked, id=17988, stack(0x0000000017930000,0x0000000017a30000)]
  0x000000000477c000 JavaThread "Finalizer" daemon [_thread_blocked, id=15924, stack(0x0000000017740000,0x0000000017840000)]
  0x0000000004771000 JavaThread "Reference Handler" daemon [_thread_blocked, id=13128, stack(0x0000000017640000,0x0000000017740000)]
  0x0000000004682800 JavaThread "main" [_thread_blocked, id=4432, stack(0x0000000004580000,0x0000000004680000)]

Other Threads:
  0x00000000164b8000 VMThread [stack: 0x0000000017540000,0x0000000017640000] [id=14172]
  0x0000000017e73000 WatcherThread [stack: 0x0000000018330000,0x0000000018430000] [id=11016]

VM state:not at safepoint (normal execution)

VM Mutex/Monitor currently owned by a thread: None

Heap:
 PSYoungGen      total 198144K, used 15451K [0x00000000f0000000, 0x00000000ff780000, 0x0000000100000000)
  eden space 169472K, 1% used [0x00000000f0000000,0x00000000f034c788,0x00000000fa580000)
  from space 28672K, 42% used [0x00000000fa580000,0x00000000fb14a7d8,0x00000000fc180000)
  to   space 27648K, 0% used [0x00000000fdc80000,0x00000000fdc80000,0x00000000ff780000)
 ParOldGen       total 127488K, used 86643K [0x00000000d0000000, 0x00000000d7c80000, 0x00000000f0000000)
  object space 127488K, 67% used [0x00000000d0000000,0x00000000d549ccf0,0x00000000d7c80000)
 Metaspace       used 90421K, capacity 101592K, committed 101936K, reserved 1138688K
  class space    used 12041K, capacity 12734K, committed 12848K, reserved 1048576K

Card table byte_map: [0x0000000013b40000,0x0000000013cd0000] byte_map_base: 0x00000000134c0000

Marking Bits: (ParMarkBitMap*) 0x00000000755ea6c0
 Begin Bits: [0x00000000141d0000, 0x0000000014dd0000)
 End Bits:   [0x0000000014dd0000, 0x00000000159d0000)

Polling page: 0x00000000043b0000

CodeCache: size=245760Kb used=43479Kb max_used=44238Kb free=202280Kb
 bounds [0x0000000004780000, 0x00000000072f0000, 0x0000000013780000]
 total_blobs=13222 nmethods=12543 adapters=586
 compilation: enabled

Compilation events (10 events):
Event: 220.119 Thread 0x00000000164fe000 nmethod 15254 0x0000000006dc0fd0 code [0x0000000006dc13c0, 0x0000000006dc4158]
Event: 220.173 Thread 0x00000000164fe000 15255       3       java.util.concurrent.ForkJoinPool::helpStealer (394 bytes)
Event: 220.173 Thread 0x00000000164f0800 15256       4       java.util.zip.ZipFile$ZipFileInflaterInputStream::finalize (5 bytes)
Event: 220.174 Thread 0x00000000164fe000 nmethod 15255 0x0000000006e77610 code [0x0000000006e77820, 0x0000000006e78638]
Event: 220.183 Thread 0x00000000164f0800 nmethod 15256 0x0000000006efbf90 code [0x0000000006efc160, 0x0000000006efd080]
Event: 220.183 Thread 0x00000000164f0800 15257 %     4       java.util.concurrent.ForkJoinPool::awaitJoin @ 45 (206 bytes)
Event: 220.185 Thread 0x00000000164f0800 nmethod 15257% 0x00000000059ca6d0 code [0x00000000059ca840, 0x00000000059cab88]
Event: 220.185 Thread 0x00000000164f0800 15258       4       java.util.concurrent.ForkJoinPool::helpStealer (394 bytes)
Event: 220.192 Thread 0x00000000164f0800 nmethod 15258 0x0000000006770010 code [0x0000000006770180, 0x00000000067707a8]
Event: 220.192 Thread 0x00000000164f0800 15260       4       org.apache.logging.log4j.core.async.RingBufferLogEventHandler::onEvent (12 bytes)

GC Heap History (10 events):
Event: 213.672 GC heap before
{Heap before GC invocations=30 (full 4):
 PSYoungGen      total 156672K, used 1638K [0x00000000f0000000, 0x00000000fa400000, 0x0000000100000000)
  eden space 145408K, 1% used [0x00000000f0000000,0x00000000f0199950,0x00000000f8e00000)
  from space 11264K, 0% used [0x00000000f8e00000,0x00000000f8e00000,0x00000000f9900000)
  to   space 11264K, 0% used [0x00000000f9900000,0x00000000f9900000,0x00000000fa400000)
 ParOldGen       total 127488K, used 24922K [0x00000000d0000000, 0x00000000d7c80000, 0x00000000f0000000)
  object space 127488K, 19% used [0x00000000d0000000,0x00000000d18569b0,0x00000000d7c80000)
 Metaspace       used 66578K, capacity 73682K, committed 74032K, reserved 1114112K
  class space    used 9242K, capacity 9735K, committed 9776K, reserved 1048576K
Event: 213.674 GC heap after
Heap after GC invocations=30 (full 4):
 PSYoungGen      total 156160K, used 96K [0x00000000f0000000, 0x00000000fa500000, 0x0000000100000000)
  eden space 144896K, 0% used [0x00000000f0000000,0x00000000f0000000,0x00000000f8d80000)
  from space 11264K, 0% used [0x00000000f9900000,0x00000000f9918000,0x00000000fa400000)
  to   space 11776K, 0% used [0x00000000f8d80000,0x00000000f8d80000,0x00000000f9900000)
 ParOldGen       total 127488K, used 24922K [0x00000000d0000000, 0x00000000d7c80000, 0x00000000f0000000)
  object space 127488K, 19% used [0x00000000d0000000,0x00000000d18569b0,0x00000000d7c80000)
 Metaspace       used 66578K, capacity 73682K, committed 74032K, reserved 1114112K
  class space    used 9242K, capacity 9735K, committed 9776K, reserved 1048576K
}
Event: 213.674 GC heap before
{Heap before GC invocations=31 (full 5):
 PSYoungGen      total 156160K, used 96K [0x00000000f0000000, 0x00000000fa500000, 0x0000000100000000)
  eden space 144896K, 0% used [0x00000000f0000000,0x00000000f0000000,0x00000000f8d80000)
  from space 11264K, 0% used [0x00000000f9900000,0x00000000f9918000,0x00000000fa400000)
  to   space 11776K, 0% used [0x00000000f8d80000,0x00000000f8d80000,0x00000000f9900000)
 ParOldGen       total 127488K, used 24922K [0x00000000d0000000, 0x00000000d7c80000, 0x00000000f0000000)
  object space 127488K, 19% used [0x00000000d0000000,0x00000000d18569b0,0x00000000d7c80000)
 Metaspace       used 66578K, capacity 73682K, committed 74032K, reserved 1114112K
  class space    used 9242K, capacity 9735K, committed 9776K, reserved 1048576K
Event: 213.770 GC heap after
Heap after GC invocations=31 (full 5):
 PSYoungGen      total 156160K, used 0K [0x00000000f0000000, 0x00000000fa500000, 0x0000000100000000)
  eden space 144896K, 0% used [0x00000000f0000000,0x00000000f0000000,0x00000000f8d80000)
  from space 11264K, 0% used [0x00000000f9900000,0x00000000f9900000,0x00000000fa400000)
  to   space 11776K, 0% used [0x00000000f8d80000,0x00000000f8d80000,0x00000000f9900000)
 ParOldGen       total 127488K, used 24050K [0x00000000d0000000, 0x00000000d7c80000, 0x00000000f0000000)
  object space 127488K, 18% used [0x00000000d0000000,0x00000000d177cb98,0x00000000d7c80000)
 Metaspace       used 66578K, capacity 73682K, committed 74032K, reserved 1114112K
  class space    used 9242K, capacity 9735K, committed 9776K, reserved 1048576K
}
Event: 216.204 GC heap before
{Heap before GC invocations=32 (full 5):
 PSYoungGen      total 156160K, used 144896K [0x00000000f0000000, 0x00000000fa500000, 0x0000000100000000)
  eden space 144896K, 100% used [0x00000000f0000000,0x00000000f8d80000,0x00000000f8d80000)
  from space 11264K, 0% used [0x00000000f9900000,0x00000000f9900000,0x00000000fa400000)
  to   space 11776K, 0% used [0x00000000f8d80000,0x00000000f8d80000,0x00000000f9900000)
 ParOldGen       total 127488K, used 24050K [0x00000000d0000000, 0x00000000d7c80000, 0x00000000f0000000)
  object space 127488K, 18% used [0x00000000d0000000,0x00000000d177cb98,0x00000000d7c80000)
 Metaspace       used 81384K, capacity 90286K, committed 90544K, reserved 1128448K
  class space    used 10866K, capacity 11428K, committed 11440K, reserved 1048576K
Event: 216.249 GC heap after
Heap after GC invocations=32 (full 5):
 PSYoungGen      total 156672K, used 11744K [0x00000000f0000000, 0x00000000fdb80000, 0x0000000100000000)
  eden space 144896K, 0% used [0x00000000f0000000,0x00000000f0000000,0x00000000f8d80000)
  from space 11776K, 99% used [0x00000000f8d80000,0x00000000f98f8040,0x00000000f9900000)
  to   space 26624K, 0% used [0x00000000fc180000,0x00000000fc180000,0x00000000fdb80000)
 ParOldGen       total 127488K, used 59980K [0x00000000d0000000, 0x00000000d7c80000, 0x00000000f0000000)
  object space 127488K, 47% used [0x00000000d0000000,0x00000000d3a93268,0x00000000d7c80000)
 Metaspace       used 81384K, capacity 90286K, committed 90544K, reserved 1128448K
  class space    used 10866K, capacity 11428K, committed 11440K, reserved 1048576K
}
Event: 218.213 GC heap before
{Heap before GC invocations=33 (full 5):
 PSYoungGen      total 156672K, used 156640K [0x00000000f0000000, 0x00000000fdb80000, 0x0000000100000000)
  eden space 144896K, 100% used [0x00000000f0000000,0x00000000f8d80000,0x00000000f8d80000)
  from space 11776K, 99% used [0x00000000f8d80000,0x00000000f98f8040,0x00000000f9900000)
  to   space 26624K, 0% used [0x00000000fc180000,0x00000000fc180000,0x00000000fdb80000)
 ParOldGen       total 127488K, used 59980K [0x00000000d0000000, 0x00000000d7c80000, 0x00000000f0000000)
  object space 127488K, 47% used [0x00000000d0000000,0x00000000d3a93268,0x00000000d7c80000)
 Metaspace       used 86758K, capacity 96842K, committed 96944K, reserved 1134592K
  class space    used 11506K, capacity 12151K, committed 12208K, reserved 1048576K
Event: 218.244 GC heap after
Heap after GC invocations=33 (full 5):
 PSYoungGen      total 196096K, used 20067K [0x00000000f0000000, 0x00000000fde00000, 0x0000000100000000)
  eden space 169472K, 0% used [0x00000000f0000000,0x00000000f0000000,0x00000000fa580000)
  from space 26624K, 75% used [0x00000000fc180000,0x00000000fd518fd8,0x00000000fdb80000)
  to   space 28672K, 0% used [0x00000000fa580000,0x00000000fa580000,0x00000000fc180000)
 ParOldGen       total 127488K, used 71776K [0x00000000d0000000, 0x00000000d7c80000, 0x00000000f0000000)
  object space 127488K, 56% used [0x00000000d0000000,0x00000000d46181b8,0x00000000d7c80000)
 Metaspace       used 86758K, capacity 96842K, committed 96944K, reserved 1134592K
  class space    used 11506K, capacity 12151K, committed 12208K, reserved 1048576K
}
Event: 220.144 GC heap before
{Heap before GC invocations=34 (full 5):
 PSYoungGen      total 196096K, used 189539K [0x00000000f0000000, 0x00000000fde00000, 0x0000000100000000)
  eden space 169472K, 100% used [0x00000000f0000000,0x00000000fa580000,0x00000000fa580000)
  from space 26624K, 75% used [0x00000000fc180000,0x00000000fd518fd8,0x00000000fdb80000)
  to   space 28672K, 0% used [0x00000000fa580000,0x00000000fa580000,0x00000000fc180000)
 ParOldGen       total 127488K, used 71776K [0x00000000d0000000, 0x00000000d7c80000, 0x00000000f0000000)
  object space 127488K, 56% used [0x00000000d0000000,0x00000000d46181b8,0x00000000d7c80000)
 Metaspace       used 90293K, capacity 101496K, committed 101552K, reserved 1138688K
  class space    used 12029K, capacity 12702K, committed 12720K, reserved 1048576K
Event: 220.172 GC heap after
Heap after GC invocations=34 (full 5):
 PSYoungGen      total 198144K, used 12073K [0x00000000f0000000, 0x00000000ff780000, 0x0000000100000000)
  eden space 169472K, 0% used [0x00000000f0000000,0x00000000f0000000,0x00000000fa580000)
  from space 28672K, 42% used [0x00000000fa580000,0x00000000fb14a7d8,0x00000000fc180000)
  to   space 27648K, 0% used [0x00000000fdc80000,0x00000000fdc80000,0x00000000ff780000)
 ParOldGen       total 127488K, used 86643K [0x00000000d0000000, 0x00000000d7c80000, 0x00000000f0000000)
  object space 127488K, 67% used [0x00000000d0000000,0x00000000d549ccf0,0x00000000d7c80000)
 Metaspace       used 90293K, capacity 101496K, committed 101552K, reserved 1138688K
  class space    used 12029K, capacity 12702K, committed 12720K, reserved 1048576K
}

Deoptimization events (10 events):
Event: 220.008 Thread 0x000000001ec77800 Uncommon trap: reason=class_check action=maybe_recompile pc=0x0000000005ec35e8 method=java.util.HashMap.removeNode(ILjava/lang/Object;Ljava/lang/Object;ZZ)Ljava/util/HashMap$Node; @ 68
Event: 220.010 Thread 0x000000001ec77800 Uncommon trap: reason=null_check action=make_not_entrant pc=0x0000000005fb2234 method=java.util.AbstractMap.equals(Ljava/lang/Object;)Z @ 123
Event: 220.015 Thread 0x000000001ec77800 Uncommon trap: reason=class_check action=maybe_recompile pc=0x0000000005ec35e8 method=java.util.HashMap.removeNode(ILjava/lang/Object;Ljava/lang/Object;ZZ)Ljava/util/HashMap$Node; @ 68
Event: 220.020 Thread 0x000000001ec77800 Uncommon trap: reason=class_check action=maybe_recompile pc=0x0000000005ec35e8 method=java.util.HashMap.removeNode(ILjava/lang/Object;Ljava/lang/Object;ZZ)Ljava/util/HashMap$Node; @ 68
Event: 220.022 Thread 0x000000001ec77800 Uncommon trap: reason=class_check action=maybe_recompile pc=0x0000000005ec35e8 method=java.util.HashMap.removeNode(ILjava/lang/Object;Ljava/lang/Object;ZZ)Ljava/util/HashMap$Node; @ 68
Event: 220.048 Thread 0x000000001ec77800 Uncommon trap: reason=class_check action=maybe_recompile pc=0x0000000005ec08b8 method=java.util.HashMap.removeNode(ILjava/lang/Object;Ljava/lang/Object;ZZ)Ljava/util/HashMap$Node; @ 68
Event: 220.056 Thread 0x000000001ec77800 Uncommon trap: reason=unstable_if action=reinterpret pc=0x0000000005381c7c method=java.util.ArrayList.remove(I)Ljava/lang/Object; @ 31
Event: 220.067 Thread 0x000000001ec77800 Uncommon trap: reason=predicate action=maybe_recompile pc=0x0000000005f7ee48 method=java.util.AbstractSet.removeAll(Ljava/util/Collection;)Z @ 36
Event: 220.111 Thread 0x000000001ec72800 Uncommon trap: reason=bimorphic action=maybe_recompile pc=0x0000000004dfea9c method=org.apache.ivy.util.Message.debug(Ljava/lang/String;)V @ 4
Event: 220.111 Thread 0x000000001ec72800 Uncommon trap: reason=bimorphic action=maybe_recompile pc=0x0000000004dfea9c method=org.apache.ivy.util.Message.debug(Ljava/lang/String;)V @ 4

Internal exceptions (10 events):
Event: 219.066 Thread 0x0000000004682800 Exception <a 'java/lang/NoSuchMethodError': java.lang.Object.$anonfun$flattenLocals$4(Lscala/collection/immutable/Map;Lsbt/internal/util/Init$ScopedKey;)Lscala/collection/Iterable;> (0x00000000f2c31328) thrown at [C:\re\workspace\8-2-build-windows-amd64-c
Event: 219.313 Thread 0x0000000004682800 Exception <a 'java/lang/NoSuchMethodError': java.lang.Object.$anonfun$subargs$1$adapted(Lscala/reflect/OptManifest;Lscala/reflect/OptManifest;)Ljava/lang/Object;> (0x00000000f5e93c98) thrown at [C:\re\workspace\8-2-build-windows-amd64-cygwin\jdk8u111\7883
Event: 219.565 Thread 0x000000001ec77800 Exception <a 'java/lang/NoSuchMethodError': java.lang.Object.$anonfun$addString$1(Lscala/Tuple2;)Ljava/lang/String;> (0x00000000f84f5908) thrown at [C:\re\workspace\8-2-build-windows-amd64-cygwin\jdk8u111\7883\hotspot\src\share\vm\interpreter\linkResolver
Event: 219.632 Thread 0x000000001ec77800 Implicit null exception at 0x00000000061af6a0 to 0x00000000061afc05
Event: 219.648 Thread 0x000000001ec77800 Implicit null exception at 0x000000000622a58c to 0x0000000006231ad9
Event: 219.981 Thread 0x000000001ec70000 Exception <a 'java/lang/NoSuchMethodError': java.lang.Object.$anonfun$createModuleIdentifiers$1(Lorg/jetbrains/sbt/ModulesOps;Lsbt/librarymanagement/Artifact;)Ljava/lang/String;> (0x00000000f9c7e460) thrown at [C:\re\workspace\8-2-build-windows-amd64-cygw
Event: 219.981 Thread 0x000000001ec70000 Exception <a 'java/lang/NoSuchMethodError': java.lang.Object.$anonfun$createModuleIdentifiers$2(Lsbt/librarymanagement/ModuleID;Ljava/lang/String;)Lorg/jetbrains/sbt/structure/ModuleIdentifier;> (0x00000000f9c93e10) thrown at [C:\re\workspace\8-2-build-wi
Event: 219.987 Thread 0x000000001ec77800 Exception <a 'java/lang/NoSuchMethodError': java.lang.Object.$anonfun$fromJson$1(Lsjsonnew/SupportConverter;Ljava/lang/Object;Lsjsonnew/JsonReader;)Ljava/lang/Object;> (0x00000000f9beec00) thrown at [C:\re\workspace\8-2-build-windows-amd64-cygwin\jdk8u111
Event: 220.010 Thread 0x000000001ec77800 Implicit null exception at 0x0000000005fb17d9 to 0x0000000005fb21d9
Event: 220.195 Thread 0x000000001ec73000 Implicit null exception at 0x0000000004b8dcf6 to 0x0000000000000000

Events (10 events):
Event: 220.194 loading class sun/nio/cs/UTF_32BE
Event: 220.194 loading class sun/nio/cs/UTF_32BE done
Event: 220.194 loading class sun/nio/cs/UTF_32LE
Event: 220.194 loading class sun/nio/cs/UTF_32LE done
Event: 220.194 loading class okhttp3/internal/Util$1
Event: 220.194 loading class okhttp3/internal/Util$1 done
Event: 220.195 loading class okhttp3/HttpUrl$Builder$ParseResult
Event: 220.195 loading class okhttp3/HttpUrl$Builder$ParseResult done
Event: 220.195 loading class okhttp3/internal/http/HttpMethod
Event: 220.195 loading class okhttp3/internal/http/HttpMethod done


Dynamic libraries:
0x00007ff69ee90000 - 0x00007ff69eec7000 	C:\Program Files\Java\jdk1.8.0_111\bin\java.exe
0x00007ff985f10000 - 0x00007ff9860f0000 	C:\WINDOWS\SYSTEM32\ntdll.dll
0x00007ff983950000 - 0x00007ff9839fe000 	C:\WINDOWS\System32\KERNEL32.DLL
0x00007ff9824f0000 - 0x00007ff982756000 	C:\WINDOWS\System32\KERNELBASE.dll
0x00007ff9838a0000 - 0x00007ff983941000 	C:\WINDOWS\System32\ADVAPI32.dll
0x00007ff983660000 - 0x00007ff9836fd000 	C:\WINDOWS\System32\msvcrt.dll
0x00007ff985870000 - 0x00007ff9858cb000 	C:\WINDOWS\System32\sechost.dll
0x00007ff9834e0000 - 0x00007ff9835ff000 	C:\WINDOWS\System32\RPCRT4.dll
0x00007ff983710000 - 0x00007ff98389f000 	C:\WINDOWS\System32\USER32.dll
0x00007ff9831d0000 - 0x00007ff9831f0000 	C:\WINDOWS\System32\win32u.dll
0x00007ff985310000 - 0x00007ff985338000 	C:\WINDOWS\System32\GDI32.dll
0x00007ff982760000 - 0x00007ff9828f3000 	C:\WINDOWS\System32\gdi32full.dll
0x00007ff982980000 - 0x00007ff982a1b000 	C:\WINDOWS\System32\msvcp_win.dll
0x00007ff9823a0000 - 0x00007ff982495000 	C:\WINDOWS\System32\ucrtbase.dll
0x00007ff97af50000 - 0x00007ff97b1b9000 	C:\WINDOWS\WinSxS\amd64_microsoft.windows.common-controls_6595b64144ccf1df_6.0.16299.547_none_15cdd76c936033f5\COMCTL32.dll
0x00007ff983a00000 - 0x00007ff983d07000 	C:\WINDOWS\System32\combase.dll
0x00007ff982900000 - 0x00007ff982972000 	C:\WINDOWS\System32\bcryptPrimitives.dll
0x00007ff9858d0000 - 0x00007ff9858fd000 	C:\WINDOWS\System32\IMM32.DLL
0x00007ff969f70000 - 0x00007ff96a01f000 	C:\Program Files\McAfee\Endpoint Security\Threat Prevention\Ips\EpMPApi.dll
0x00007ff983170000 - 0x00007ff9831c8000 	C:\WINDOWS\System32\WINTRUST.dll
0x00007ff9822d0000 - 0x00007ff9822e2000 	C:\WINDOWS\System32\MSASN1.dll
0x00007ff9831f0000 - 0x00007ff9833be000 	C:\WINDOWS\System32\CRYPT32.dll
0x00000000778c0000 - 0x00000000778cc000 	C:\Program Files\McAfee\Endpoint Security\Threat Prevention\Ips\EpMPThe.dll
0x0000000077170000 - 0x0000000077242000 	C:\Program Files\Java\jdk1.8.0_111\jre\bin\msvcr100.dll
0x0000000074dd0000 - 0x000000007566a000 	C:\Program Files\Java\jdk1.8.0_111\jre\bin\server\jvm.dll
0x00007ff983700000 - 0x00007ff983708000 	C:\WINDOWS\System32\PSAPI.DLL
0x00007ff977970000 - 0x00007ff977979000 	C:\WINDOWS\SYSTEM32\WSOCK32.dll
0x00007ff983470000 - 0x00007ff9834dc000 	C:\WINDOWS\System32\WS2_32.dll
0x00007ff97bf50000 - 0x00007ff97bf73000 	C:\WINDOWS\SYSTEM32\WINMM.dll
0x00007ff9798e0000 - 0x00007ff9798ea000 	C:\WINDOWS\SYSTEM32\VERSION.dll
0x00007ff97bf20000 - 0x00007ff97bf4a000 	C:\WINDOWS\SYSTEM32\WINMMBASE.dll
0x00007ff9824a0000 - 0x00007ff9824ea000 	C:\WINDOWS\System32\cfgmgr32.dll
0x0000000077160000 - 0x000000007716f000 	C:\Program Files\Java\jdk1.8.0_111\jre\bin\verify.dll
0x0000000077130000 - 0x0000000077159000 	C:\Program Files\Java\jdk1.8.0_111\jre\bin\java.dll
0x0000000077110000 - 0x0000000077126000 	C:\Program Files\Java\jdk1.8.0_111\jre\bin\zip.dll
0x00007ff983d10000 - 0x00007ff985148000 	C:\WINDOWS\System32\SHELL32.dll
0x00007ff985900000 - 0x00007ff9859a6000 	C:\WINDOWS\System32\shcore.dll
0x00007ff982a20000 - 0x00007ff983167000 	C:\WINDOWS\System32\windows.storage.dll
0x00007ff983600000 - 0x00007ff983651000 	C:\WINDOWS\System32\shlwapi.dll
0x00007ff9822b0000 - 0x00007ff9822c1000 	C:\WINDOWS\System32\kernel.appcore.dll
0x00007ff982260000 - 0x00007ff9822ac000 	C:\WINDOWS\System32\powrprof.dll
0x00007ff982240000 - 0x00007ff98225b000 	C:\WINDOWS\System32\profapi.dll
0x00000000770f0000 - 0x000000007710a000 	C:\Program Files\Java\jdk1.8.0_111\jre\bin\net.dll
0x00007ff981a70000 - 0x00007ff981ad6000 	C:\WINDOWS\system32\mswsock.dll
0x00000000770d0000 - 0x00000000770e1000 	C:\Program Files\Java\jdk1.8.0_111\jre\bin\nio.dll
0x00007ff973b90000 - 0x00007ff973ba6000 	C:\WINDOWS\system32\napinsp.dll
0x00007ff973b70000 - 0x00007ff973b8a000 	C:\WINDOWS\system32\pnrpnsp.dll
0x00007ff97f210000 - 0x00007ff97f228000 	C:\WINDOWS\system32\NLAapi.dll
0x00007ff981840000 - 0x00007ff9818f6000 	C:\WINDOWS\SYSTEM32\DNSAPI.dll
0x00007ff983460000 - 0x00007ff983468000 	C:\WINDOWS\System32\NSI.dll
0x00007ff981800000 - 0x00007ff981839000 	C:\WINDOWS\SYSTEM32\IPHLPAPI.DLL
0x00007ff973b60000 - 0x00007ff973b6e000 	C:\WINDOWS\System32\winrnr.dll
0x00007ff97b770000 - 0x00007ff97b77a000 	C:\Windows\System32\rasadhlp.dll
0x00007ff97d950000 - 0x00007ff97d9c0000 	C:\WINDOWS\System32\fwpuclnt.dll
0x00007ff981da0000 - 0x00007ff981dc5000 	C:\WINDOWS\SYSTEM32\bcrypt.dll
0x00000000770a0000 - 0x00000000770c4000 	C:\Program Files\Java\jdk1.8.0_111\jre\bin\sunec.dll
0x00007ff981c30000 - 0x00007ff981c47000 	C:\WINDOWS\SYSTEM32\CRYPTSP.dll
0x00007ff981670000 - 0x00007ff9816a3000 	C:\WINDOWS\system32\rsaenh.dll
0x00007ff982170000 - 0x00007ff982199000 	C:\WINDOWS\SYSTEM32\USERENV.dll
0x00007ff981c50000 - 0x00007ff981c5b000 	C:\WINDOWS\SYSTEM32\CRYPTBASE.dll
0x00007ff97ec50000 - 0x00007ff97ec66000 	C:\WINDOWS\SYSTEM32\dhcpcsvc6.DLL
0x00007ff97ebe0000 - 0x00007ff97ebfa000 	C:\WINDOWS\SYSTEM32\dhcpcsvc.DLL
0x0000000077090000 - 0x000000007709b000 	C:\Program Files\Java\jdk1.8.0_111\jre\bin\sunmscapi.dll
0x00007ff976f20000 - 0x00007ff976f2a000 	C:\Users\narendra.kommoju\AppData\Local\Temp\jansi-64-1-8502200902868889823.11
0x0000000077080000 - 0x000000007708d000 	C:\Program Files\Java\jdk1.8.0_111\jre\bin\management.dll
0x00007ff956e30000 - 0x00007ff956e72000 	C:\Users\narendra.kommoju\AppData\Local\Temp\jna--1612627693\jna8168357547161272769.dll
0x00007ff97b510000 - 0x00007ff97b6d8000 	C:\WINDOWS\SYSTEM32\dbghelp.dll

VM Arguments:
jvm_args: -Djline.terminal=jline.UnsupportedTerminal -Dsbt.log.noformat=true -Dfile.encoding=UTF-8 -Didea.managed=true -Xmx768M -XX:MaxPermSize=384M 
java_command: C:/Users/narendra.kommoju/.IdeaIC2017.3/config/plugins/Scala/launcher/sbt-launch.jar
java_class_path (initial): C:/Users/narendra.kommoju/.IdeaIC2017.3/config/plugins/Scala/launcher/sbt-launch.jar
Launcher Type: SUN_STANDARD

Environment Variables:
JAVA_HOME=C:\Program Files\Java\jre1.8.0_171
PATH=C:\Program Files\Docker\Docker\Resources\bin;C:\Program Files (x86)\Common Files\Oracle\Java\javapath;C:\Program Files\Python36\Scripts\;C:\Program Files\Python36\;C:\WINDOWS\system32;C:\WINDOWS;C:\WINDOWS\System32\Wbem;C:\WINDOWS\System32\WindowsPowerShell\v1.0\;C:\Program Files (x86)\Microsoft SQL Server\110\Tools\Binn\ManagementStudio\;C:\Program Files (x86)\Microsoft SQL Server\110\Tools\Binn\;C:\Program Files\Microsoft SQL Server\110\Tools\Binn\;C:\Program Files (x86)\Microsoft SQL Server\110\DTS\Binn\;C:\Program Files (x86)\Microsoft SQL Server\120\Tools\Binn\ManagementStudio\;C:\Program Files (x86)\Microsoft SQL Server\120\Tools\Binn\;C:\Program Files (x86)\Microsoft Visual Studio 12.0\Common7\IDE\PrivateAssemblies\;C:\Program Files (x86)\Microsoft SQL Server\120\DTS\Binn\;C:\Program Files (x86)\Skype\Phone\;C:\Program Files (x86)\sbt\bin;D:\Projects\DemandJump\Apache\maven\bin;C:\Users\narendra.kommoju\Desktop\scala-2.12.4\bin;D:\softwares\;C:\Program Files\Amazon\AWSCLI\;C:\Program Files\cURL\bin;C:\Users\narendra;C:\Program Files (x86)\Microsoft SQL Server\Client SDK\ODBC\130\Tools\Binn\;C:\Program Files (x86)\Microsoft SQL Server\140\Tools\Binn\;C:\Program Files (x86)\Microsoft SQL Server\140\DTS\Binn\;C:\Program Files (x86)\Microsoft SQL Server\140\Tools\Binn\ManagementStudio\;C:\Program Files (x86)\Git\cmd;C:\Users\narendra.kommoju\AppData\Local\Microsoft\WindowsApps;C:\Users\narendra.kommoju\AppData\Local\GitHubDesktop\bin;C:\Users\narendra.kommoju\AppData\Local\Google\Cloud SDK\google-cloud-sdk\bin;C:\Users\narendra.kommoju\AppData\Local\Programs\Fiddler;C:\Users\narendra.kommoju\AppData\Local\Microsoft\WindowsApps;
USERNAME=narendra.kommoju
OS=Windows_NT
PROCESSOR_IDENTIFIER=Intel64 Family 6 Model 60 Stepping 3, GenuineIntel



---------------  S Y S T E M  ---------------

OS: Windows 10.0 , 64 bit Build 16299 (10.0.16299.431)

CPU:total 4 (4 cores per cpu, 1 threads per core) family 6 model 60 stepping 3, cmov, cx8, fxsr, mmx, sse, sse2, sse3, ssse3, sse4.1, sse4.2, popcnt, avx, avx2, aes, clmul, erms, lzcnt, tsc, tscinvbit, bmi1, bmi2

Memory: 4k page, physical 12499584k(2063028k free), swap 25082496k(8638320k free)

vm_info: Java HotSpot(TM) 64-Bit Server VM (25.111-b14) for windows-amd64 JRE (1.8.0_111-b14), built on Sep 22 2016 19:24:05 by "java_re" with MS VC++ 10.0 (VS2010)

time: Thu Jul 19 12:42:06 2018
elapsed time: 220 seconds (0d 0h 3m 40s)

